     1                                  ;hello-os
     2                                  ;TAB=4
     3                                  
     4                                      CYLS    EQU 10
     5                                  
     6                                      ORG		0x7c00
     7                                  
     8                                  ;floppy
     9 00000000 EB4E                        JMP entry
    10 00000002 90                          DB  0x90
    11 00000003 48415249424F5445            DB  "HARIBOTE"
    12 0000000B 0002                        DW  512
    13 0000000D 01                          DB  1
    14 0000000E 0100                        DW  1
    15 00000010 02                          DB  2
    16 00000011 E000                        DW  224
    17 00000013 400B                        DW  2880
    18 00000015 F0                          DB  0xf0
    19 00000016 0900                        DW  9
    20 00000018 1200                        DW  18
    21 0000001A 0200                        DW  2
    22 0000001C 00000000                    DD  0
    23 00000020 400B0000                    DD  2880
    24 00000024 000029                      DB  0,0,0x29
    25 00000027 FFFFFFFF                    DD  0xffffffff
    26 0000002B 48454C4C4F2D4F5320-         DB  "HELLO-OS   "
    26 00000034 2020               
    27 00000036 4641543132202020            DB  "FAT12   "
    28 0000003E <res 00000012>              RESB    18
    28          ******************       warning: uninitialized space declared in .text section: zeroing
    29                                  
    30                                  entry:
    31 00000050 B80000                      MOV AX,0
    32 00000053 8ED0                        MOV SS,AX
    33 00000055 BC007C                      MOV SP,0x7c00
    34 00000058 8ED8                        MOV DS,AX
    35                                  
    36 0000005A B82008                      MOV AX,0x0820
    37 0000005D 8EC0                        MOV ES,AX
    38 0000005F B500                        MOV CH,0
    39 00000061 B600                        MOV DH,0
    40 00000063 B102                        MOV CL,2
    41                                  
    42                                  readloop:
    43 00000065 BE0000                      MOV SI,0
    44                                  
    45                                  retry:
    46 00000068 B402                        MOV AH,0x02
    47 0000006A B001                        MOV AL,1
    48 0000006C BB0000                      MOV BX,0
    49 0000006F B200                        MOV DL,0x00
    50 00000071 CD13                        INT 0x13
    51 00000073 7310                        JNC next
    52 00000075 83C601                      ADD SI,1
    53 00000078 83FE05                      CMP SI,5
    54 0000007B 7335                        JAE error
    55 0000007D B400                        MOV AH,0x00
    56 0000007F B200                        MOV DL,0x00
    57 00000081 CD13                        INT 0x13
    58 00000083 EBE3                        JMP retry
    59                                  
    60                                  next:
    61 00000085 8CC0                        MOV AX,ES
    62 00000087 83C020                      ADD AX,0x0020
    63 0000008A 8EC0                        MOV ES,AX
    64 0000008C 80C101                      ADD CL,1
    65 0000008F 80F912                      CMP CL,18
    66 00000092 76D1                        JBE readloop
    67 00000094 B101                        MOV CL,1
    68 00000096 80C601                      ADD DH,1
    69 00000099 80FE02                      CMP DH,2
    70 0000009C 72C7                        JB  readloop
    71 0000009E B600                        MOV DH,0
    72 000000A0 80C501                      ADD CH,1
    73 000000A3 80FD0A                      CMP CH,CYLS
    74 000000A6 72BD                        JB  readloop
    75                                  
    76 000000A8 882EF00F                    MOV [0x0ff0],CH
    77 000000AC E9(00C2)                    JMP 0xc200
    78                                  
    79                                  fin:
    80 000000AF F4                          HLT
    81 000000B0 EBFD                        JMP fin
    82                                  
    83                                  error:
    84 000000B2 BE[C700]                    MOV SI,msg
    85                                  
    86                                  putloop:
    87 000000B5 8A04                        MOV AL,[SI]
    88 000000B7 83C601                      ADD SI,1
    89 000000BA 3C00                        CMP AL,0
    90 000000BC 74F1                        JE  fin
    91 000000BE B40E                        MOV AH,0x0e
    92 000000C0 BB0F00                      MOV BX,15
    93 000000C3 CD10                        INT 0x10
    94 000000C5 EBEE                        JMP putloop
    95                                  
    96                                  msg:
    97 000000C7 0A0A                        DB  0x0a,0x0a
    98 000000C9 6C6F6164206572726F-         DB  "load error"
    98 000000D2 72                 
    99 000000D3 0A                          DB  0x0a
   100 000000D4 00                          DB  0
   101 000000D5 <res 00000129>              RESB    0x1fe-($-$$)
   101          ******************       warning: uninitialized space declared in .text section: zeroing
   102 000001FE 55AA                        DB	0x55, 0xaa
   103                                  
   104                                  
   105                                  ;ブートセクタ以外の部分
   106 00000200 F0FFFF0000000000            DB  0xf0,0xff,0xff,0x00,0x00,0x00,0x00,0x00
   107 00000208 <res 000011F8>              RESB    4600
   107          ******************       warning: uninitialized space declared in .text section: zeroing
   108 00001400 F0FFFF0000000000            DB  0xf0,0xff,0xff,0x00,0x00,0x00,0x00,0x00
   109 00001408 <res 00166BF8>              RESB    1469432
   109          ******************       warning: uninitialized space declared in .text section: zeroing
