     1                                  ;haribote os
     2                                  
     3                                  BOTPAK	EQU	0x00280000
     4                                  DSKCAC	EQU	0x00100000
     5                                  DSKCAC0	EQU	0x00008000
     6                                  
     7                                  CYLS    EQU 0xff0
     8                                  LEDS    EQU 0xff1
     9                                  VMODE   EQU 0xff2
    10                                  SCRNX   EQU 0xff4
    11                                  SCRNY   EQU 0xff6
    12                                  VRAM    EQU 0xff8
    13                                  
    14                                          ORG 0xc200
    15                                  
    16 00000000 B013                            MOV AL,0x13
    17 00000002 B400                            MOV AH,0x00
    18 00000004 CD10                            INT 0x10
    19 00000006 C606F20F08                      MOV BYTE [VMODE],8
    20 0000000B C706F40F4001                    MOV WORD [SCRNX],320
    21 00000011 C706F60FC800                    MOV WORD [SCRNY],200
    22 00000017 66C706F80F00000A00              MOV DWORD [VRAM],0x000a0000
    23                                  
    24 00000020 B402                            MOV AH,0x02
    25 00000022 CD16                            INT 0x16
    26 00000024 A2F10F                          MOV [LEDS],AL
    27                                  
    28 00000027 B0FF                            MOV AL,0xff
    29 00000029 E621                            OUT 0x21,AL
    30 0000002B 90                              NOP
    31 0000002C E6A1                            OUT 0xa1,AL
    32                                  
    33 0000002E FA                              CLI
    34                                  
    35 0000002F E8B500                          CALL waitkbdout
    36 00000032 B0D1                            MOV AL,0xd1
    37 00000034 E664                            OUT 0x64,AL
    38 00000036 E8AE00                          CALL waitkbdout
    39 00000039 B0DF                            MOV AL,0xdf
    40 0000003B E660                            OUT 0x60,AL
    41 0000003D E8A700                          CALL waitkbdout
    42                                  
    43 00000040 0F0116[2A01]                    LGDT [GDTR0]
    44 00000045 0F20C0                          MOV	EAX,CR0
    45 00000048 6625FFFFFF7F                    AND	EAX,0x7fffffff
    46 0000004E 6683C801                        OR	EAX,0x00000001
    47 00000052 0F22C0                          MOV	CR0,EAX
    48 00000055 EB00                            JMP	pipelineflush
    49                                  
    50                                  pipelineflush:
    51 00000057 B80800                          MOV	AX,1*8
    52 0000005A 8ED8                            MOV	DS,AX
    53 0000005C 8EC0                            MOV	ES,AX
    54 0000005E 8EE0                            MOV	FS,AX
    55 00000060 8EE8                            MOV	GS,AX
    56 00000062 8ED0                            MOV	SS,AX
    57                                  
    58 00000064 66BE[30010000]                  MOV	ESI,bootpack
    59 0000006A 66BF00002800                    MOV	EDI,BOTPAK
    60 00000070 66B900000200                    MOV	ECX,512*1024/4
    61 00000076 E87500                          CALL memcpy
    62                                  
    63 00000079 66BE007C0000                    MOV	ESI,0x7c00
    64 0000007F 66BF00001000                    MOV	EDI,DSKCAC
    65 00000085 66B980000000                    MOV	ECX,512/4
    66 0000008B E86000                          CALL memcpy
    67                                  
    68 0000008E 66BE00820000                    MOV	ESI,DSKCAC0+512
    69 00000094 66BF00021000                    MOV	EDI,DSKCAC+512
    70 0000009A 66B900000000                    MOV	ECX,0
    71 000000A0 8A0EF00F                        MOV	CL,BYTE [CYLS]
    72 000000A4 6669C900120000                  IMUL ECX,512*18*2/4
    73 000000AB 6681E980000000                  SUB	ECX,512/4
    74 000000B2 E83900                          CALL memcpy
    75                                  
    76 000000B5 66BB00002800                    MOV	EBX,BOTPAK
    77 000000BB 66678B4B10                      MOV	ECX,[EBX+16]
    78 000000C0 6683C103                        ADD	ECX,3			; ECX += 3;
    79 000000C4 66C1E902                        SHR	ECX,2			; ECX /= 4;
    80 000000C8 7410                            JZ	skip
    81 000000CA 66678B7314                      MOV	ESI,[EBX+20]
    82 000000CF 6601DE                          ADD	ESI,EBX
    83 000000D2 66678B7B0C                      MOV	EDI,[EBX+12]
    84 000000D7 E81400                          CALL memcpy
    85                                  
    86                                  skip:
    87 000000DA 66678B630C                      MOV	ESP,[EBX+12]
    88 000000DF 66EA1B0000001000                JMP	DWORD 2*8:0x0000001b
    89                                  
    90                                  waitkbdout:
    91 000000E7 E464                            IN	 AL,0x64
    92 000000E9 2402                            AND	 AL,0x02
    93 000000EB 75FA                            JNZ	waitkbdout
    94 000000ED C3                              RET
    95                                  
    96                                  memcpy:
    97 000000EE 66678B06                        MOV	EAX,[ESI]
    98 000000F2 6683C604                        ADD	ESI,4
    99 000000F6 66678907                        MOV	[EDI],EAX
   100 000000FA 6683C704                        ADD	EDI,4
   101 000000FE 6683E901                        SUB	ECX,1
   102 00000102 75EA                            JNZ	memcpy
   103 00000104 C3                              RET
   104                                  
   105 00000105 <res 0000000B>                  ALIGNB 16
   105          ******************       warning: uninitialized space declared in .text section: zeroing
   106                                  GDT0:
   107 00000110 <res 00000008>                  RESB 8
   107          ******************       warning: uninitialized space declared in .text section: zeroing
   108 00000118 FFFF00000092CF00                DW	0xffff,0x0000,0x9200,0x00cf
   109 00000120 FFFF0000289A4700                DW	0xffff,0x0000,0x9a28,0x0047
   110                                  
   111 00000128 0000                            DW	0
   112                                  GDTR0:
   113 0000012A 1700                            DW	8*3-1
   114 0000012C [10010000]                      DD	GDT0
   115                                  
   116                                          ALIGNB	16
   117                                  bootpack:
